Drill report for SparkFun_XRP_Controller_panelized.kicad_pcb
Created on 2024-12-18T16:51:19-0700

Copper Layer Stackup:
    =============================================================
    L1 :  F.Cu                      front
    L2 :  In1.Cu                    in1
    L3 :  In2.Cu                    in2
    L4 :  In3.Cu                    in3
    L5 :  In4.Cu                    in4
    L6 :  B.Cu                      back


Drill file 'SparkFun_XRP_Controller_panelized.drl' contains
    plated through holes:
    =============================================================
    T1  0.300mm  0.0118"  (3060 holes)
    T2  0.600mm  0.0236"  (24 holes)  (with 24 slots)
    T3  1.000mm  0.0394"  (18 holes)  (with 18 slots)
    T4  1.016mm  0.0400"  (570 holes)

    Total plated holes count 3672


Not plated through holes are merged with plated holes
    unplated through holes:
    =============================================================
    T5  0.650mm  0.0256"  (12 holes)
    T6  0.900mm  0.0354"  (12 holes)
    T7  3.100mm  0.1220"  (24 holes)

    Total unplated holes count 48
